0 info it worked if it ends with ok
1 verbose cli [ 'c:\\Program Files\\nodejs\\node.exe',
1 verbose cli   'c:\\Program Files\\nodejs\\node_modules\\npm\\bin\\npm-cli.js',
1 verbose cli   'install',
1 verbose cli   'grunt-banner',
1 verbose cli   '--save-dev' ]
2 info using npm@2.14.4
3 info using node@v4.1.1
4 verbose install initial load of C:\htdocs\angelshop\typo3conf\package.json
5 warn package.json angelshop@0.1.0 No description
6 warn package.json angelshop@0.1.0 No repository field.
7 warn package.json angelshop@0.1.0 No README data
8 warn package.json angelshop@0.1.0 No license field.
9 verbose installManyTop reading scoped package data from C:\htdocs\angelshop\typo3conf\node_modules\grunt\package.json
10 verbose installManyTop reading scoped package data from C:\htdocs\angelshop\typo3conf\node_modules\grunt-contrib-concat\package.json
11 verbose installManyTop reading scoped package data from C:\htdocs\angelshop\typo3conf\node_modules\grunt-contrib-jshint\package.json
12 verbose installManyTop reading scoped package data from C:\htdocs\angelshop\typo3conf\node_modules\grunt-contrib-less\package.json
13 verbose installManyTop reading scoped package data from C:\htdocs\angelshop\typo3conf\node_modules\grunt-contrib-nodeunit\package.json
14 verbose installManyTop reading scoped package data from C:\htdocs\angelshop\typo3conf\node_modules\grunt-contrib-uglify\package.json
15 verbose installManyTop reading scoped package data from C:\htdocs\angelshop\typo3conf\node_modules\grunt-contrib-watch\package.json
16 verbose installManyTop reading scoped package data from C:\htdocs\angelshop\typo3conf\node_modules\grunt-sprite-generator\package.json
17 verbose installManyTop reading scoped package data from C:\htdocs\angelshop\typo3conf\node_modules\grunt-spritesmith\package.json
18 info package.json grunt-contrib-concat@0.5.1 No license field.
19 info package.json grunt-contrib-nodeunit@0.4.1 No license field.
20 info package.json grunt-contrib-watch@0.6.1 No license field.
21 info package.json grunt-sprite-generator@0.0.5 No license field.
22 verbose readDependencies loading dependencies from C:\htdocs\angelshop\typo3conf\package.json
23 silly cache add args [ 'grunt-banner', null ]
24 verbose cache add spec grunt-banner
25 silly cache add parsed spec Result {
25 silly cache add   raw: 'grunt-banner',
25 silly cache add   scope: null,
25 silly cache add   name: 'grunt-banner',
25 silly cache add   rawSpec: '',
25 silly cache add   spec: '*',
25 silly cache add   type: 'range' }
26 silly addNamed grunt-banner@*
27 verbose addNamed "*" is a valid semver range for grunt-banner
28 silly addNameRange { name: 'grunt-banner', range: '*', hasData: false }
29 silly mapToRegistry name grunt-banner
30 silly mapToRegistry using default registry
31 silly mapToRegistry registry https://registry.npmjs.org/
32 silly mapToRegistry uri https://registry.npmjs.org/grunt-banner
33 verbose addNameRange registry:https://registry.npmjs.org/grunt-banner not in flight; fetching
34 verbose request uri https://registry.npmjs.org/grunt-banner
35 verbose request no auth needed
36 info attempt registry request try #1 at 23:17:01
37 verbose request id dfd363835264d322
38 http request GET https://registry.npmjs.org/grunt-banner
39 http 200 https://registry.npmjs.org/grunt-banner
40 silly get cb [ 200,
40 silly get   { server: 'CouchDB/1.5.0 (Erlang OTP/R16B03)',
40 silly get     etag: '"BFTJYD47BUUJ1LQQ249QTA0FM"',
40 silly get     'content-type': 'application/json',
40 silly get     'content-encoding': 'gzip',
40 silly get     'cache-control': 'max-age=300',
40 silly get     'content-length': '7693',
40 silly get     'accept-ranges': 'bytes',
40 silly get     date: 'Mon, 25 Jul 2016 21:17:03 GMT',
40 silly get     via: '1.1 varnish',
40 silly get     age: '41',
40 silly get     connection: 'keep-alive',
40 silly get     'x-served-by': 'cache-fra1221-FRA',
40 silly get     'x-cache': 'HIT',
40 silly get     'x-cache-hits': '1',
40 silly get     'x-timer': 'S1469481423.445596,VS0,VE0',
40 silly get     vary: 'Accept-Encoding' } ]
41 verbose get saving grunt-banner to C:\Users\Cox\AppData\Roaming\npm-cache\registry.npmjs.org\grunt-banner\.cache.json
42 silly addNameRange number 2 { name: 'grunt-banner', range: '*', hasData: true }
43 silly addNameRange versions [ 'grunt-banner',
43 silly addNameRange   [ '0.1.0',
43 silly addNameRange     '0.1.1',
43 silly addNameRange     '0.1.2',
43 silly addNameRange     '0.1.3',
43 silly addNameRange     '0.1.4',
43 silly addNameRange     '0.2.0',
43 silly addNameRange     '0.2.1',
43 silly addNameRange     '0.2.2',
43 silly addNameRange     '0.2.3',
43 silly addNameRange     '0.3.0',
43 silly addNameRange     '0.3.1',
43 silly addNameRange     '0.4.0',
43 silly addNameRange     '0.5.0',
43 silly addNameRange     '0.6.0' ] ]
44 silly addNamed grunt-banner@0.6.0
45 verbose addNamed "0.6.0" is a plain semver version for grunt-banner
46 silly mapToRegistry name grunt-banner
47 silly mapToRegistry using default registry
48 silly mapToRegistry registry https://registry.npmjs.org/
49 silly mapToRegistry uri https://registry.npmjs.org/grunt-banner
50 verbose addRemoteTarball https://registry.npmjs.org/grunt-banner/-/grunt-banner-0.6.0.tgz not in flight; adding
51 verbose addRemoteTarball [ 'https://registry.npmjs.org/grunt-banner/-/grunt-banner-0.6.0.tgz',
51 verbose addRemoteTarball   '3f879021d123fa58a7ba5a0b6fb6be412b5885ac' ]
52 info retry fetch attempt 1 at 23:17:01
53 info attempt registry request try #1 at 23:17:01
54 http fetch GET https://registry.npmjs.org/grunt-banner/-/grunt-banner-0.6.0.tgz
55 http fetch 200 https://registry.npmjs.org/grunt-banner/-/grunt-banner-0.6.0.tgz
56 silly fetchAndShaCheck shasum 3f879021d123fa58a7ba5a0b6fb6be412b5885ac
57 verbose addTmpTarball C:\Users\Cox\AppData\Local\Temp\npm-3536-43aeb47a\registry.npmjs.org\grunt-banner\-\grunt-banner-0.6.0.tgz not in flight; adding
58 verbose addTmpTarball already have metadata; skipping unpack for grunt-banner@0.6.0
59 silly cache afterAdd grunt-banner@0.6.0
60 verbose afterAdd C:\Users\Cox\AppData\Roaming\npm-cache\grunt-banner\0.6.0\package\package.json not in flight; writing
61 verbose afterAdd C:\Users\Cox\AppData\Roaming\npm-cache\grunt-banner\0.6.0\package\package.json written
62 silly install resolved [ { name: 'grunt-banner',
62 silly install resolved     description: 'Adds a simple banner to files',
62 silly install resolved     version: '0.6.0',
62 silly install resolved     homepage: 'https://github.com/mattstyles/grunt-banner',
62 silly install resolved     author:
62 silly install resolved      { name: 'Matt Styles',
62 silly install resolved        email: 'matt@veryfizzyjelly.com',
62 silly install resolved        url: 'https://github.com/mattstyles' },
62 silly install resolved     repository:
62 silly install resolved      { type: 'git',
62 silly install resolved        url: 'git+https://github.com/mattstyles/grunt-banner.git' },
62 silly install resolved     bugs: { url: 'https://github.com/mattstyles/grunt-banner/issues' },
62 silly install resolved     license: 'MIT',
62 silly install resolved     engines: { node: '>=0.10.0' },
62 silly install resolved     scripts: { test: 'grunt test' },
62 silly install resolved     files: [ 'tasks', 'History.md', 'LICENSE-MIT' ],
62 silly install resolved     dependencies: { chalk: '^1.1.0' },
62 silly install resolved     devDependencies:
62 silly install resolved      { grunt: '^0.4.5',
62 silly install resolved        'grunt-contrib-clean': '^0.6.0',
62 silly install resolved        'grunt-contrib-copy': '^0.8.0',
62 silly install resolved        'grunt-contrib-jshint': '^0.11.2',
62 silly install resolved        'grunt-contrib-nodeunit': '^0.4.1',
62 silly install resolved        'load-grunt-tasks': '^3.2.0',
62 silly install resolved        'time-grunt': '^1.2.1' },
62 silly install resolved     peerDependencies: { grunt: '>=0.4.0' },
62 silly install resolved     keywords: [ 'gruntplugin', 'banner', 'build' ],
62 silly install resolved     gitHead: '234198662e6557ab1f6a62101b9e7df4ed2b5e17',
62 silly install resolved     _id: 'grunt-banner@0.6.0',
62 silly install resolved     _shasum: '3f879021d123fa58a7ba5a0b6fb6be412b5885ac',
62 silly install resolved     _from: 'grunt-banner@*',
62 silly install resolved     _npmVersion: '2.14.2',
62 silly install resolved     _nodeVersion: '4.0.0',
62 silly install resolved     _npmUser: { name: 'mattstyles', email: 'matt@veryfizzyjelly.com' },
62 silly install resolved     dist:
62 silly install resolved      { shasum: '3f879021d123fa58a7ba5a0b6fb6be412b5885ac',
62 silly install resolved        tarball: 'https://registry.npmjs.org/grunt-banner/-/grunt-banner-0.6.0.tgz' },
62 silly install resolved     maintainers: [ [Object] ],
62 silly install resolved     directories: {},
62 silly install resolved     _resolved: 'https://registry.npmjs.org/grunt-banner/-/grunt-banner-0.6.0.tgz' } ]
63 info install grunt-banner@0.6.0 into C:\htdocs\angelshop\typo3conf
64 info installOne grunt-banner@0.6.0
65 verbose installOne of grunt-banner to C:\htdocs\angelshop\typo3conf not in flight; installing
66 verbose lock using C:\Users\Cox\AppData\Roaming\npm-cache\_locks\grunt-banner-e2cbe860a8a24b95.lock for C:\htdocs\angelshop\typo3conf\node_modules\grunt-banner
67 silly install write writing grunt-banner 0.6.0 to C:\htdocs\angelshop\typo3conf\node_modules\grunt-banner
68 verbose unbuild node_modules\grunt-banner
69 silly gentlyRm C:\htdocs\angelshop\typo3conf\node_modules\grunt-banner is being purged from base C:\htdocs\angelshop\typo3conf
70 verbose gentlyRm don't care about contents; nuking C:\htdocs\angelshop\typo3conf\node_modules\grunt-banner
71 verbose tar unpack C:\Users\Cox\AppData\Roaming\npm-cache\grunt-banner\0.6.0\package.tgz
72 verbose tar unpacking to C:\htdocs\angelshop\typo3conf\node_modules\grunt-banner
73 silly gentlyRm C:\htdocs\angelshop\typo3conf\node_modules\grunt-banner is being purged
74 verbose gentlyRm don't care about contents; nuking C:\htdocs\angelshop\typo3conf\node_modules\grunt-banner
75 silly gunzTarPerm modes [ '777', '666' ]
76 silly gunzTarPerm extractEntry package.json
77 silly gunzTarPerm modified mode [ 'package.json', 420, 438 ]
78 silly gunzTarPerm extractEntry README.md
79 silly gunzTarPerm modified mode [ 'README.md', 420, 438 ]
80 silly gunzTarPerm extractEntry LICENSE-MIT
81 silly gunzTarPerm modified mode [ 'LICENSE-MIT', 420, 438 ]
82 silly gunzTarPerm extractEntry History.md
83 silly gunzTarPerm modified mode [ 'History.md', 420, 438 ]
84 silly gunzTarPerm extractEntry tasks/usebanner.js
85 silly gunzTarPerm modified mode [ 'tasks/usebanner.js', 420, 438 ]
86 verbose write writing to C:\htdocs\angelshop\typo3conf\node_modules\grunt-banner\package.json
87 info preinstall grunt-banner@0.6.0
88 verbose readDependencies loading dependencies from C:\htdocs\angelshop\typo3conf\node_modules\grunt-banner\package.json
89 silly prepareForInstallMany adding chalk@^1.1.0 from grunt-banner dependencies
90 verbose readDependencies loading dependencies from C:\htdocs\angelshop\typo3conf\node_modules\grunt-banner\package.json
91 silly cache add args [ 'chalk@^1.1.0', null ]
92 verbose cache add spec chalk@^1.1.0
93 silly cache add parsed spec Result {
93 silly cache add   raw: 'chalk@^1.1.0',
93 silly cache add   scope: null,
93 silly cache add   name: 'chalk',
93 silly cache add   rawSpec: '^1.1.0',
93 silly cache add   spec: '>=1.1.0 <2.0.0',
93 silly cache add   type: 'range' }
94 silly addNamed chalk@>=1.1.0 <2.0.0
95 verbose addNamed ">=1.1.0 <2.0.0" is a valid semver range for chalk
96 silly addNameRange { name: 'chalk', range: '>=1.1.0 <2.0.0', hasData: false }
97 silly mapToRegistry name chalk
98 silly mapToRegistry using default registry
99 silly mapToRegistry registry https://registry.npmjs.org/
100 silly mapToRegistry uri https://registry.npmjs.org/chalk
101 verbose addNameRange registry:https://registry.npmjs.org/chalk not in flight; fetching
102 verbose request uri https://registry.npmjs.org/chalk
103 verbose request no auth needed
104 info attempt registry request try #1 at 23:17:02
105 verbose etag "32MNDT47TD54BQB46JE7XH1VZ"
106 http request GET https://registry.npmjs.org/chalk
107 http 304 https://registry.npmjs.org/chalk
108 silly get cb [ 304,
108 silly get   { date: 'Mon, 25 Jul 2016 21:17:04 GMT',
108 silly get     via: '1.1 varnish',
108 silly get     'cache-control': 'max-age=300',
108 silly get     etag: '"32MNDT47TD54BQB46JE7XH1VZ"',
108 silly get     age: '219',
108 silly get     connection: 'keep-alive',
108 silly get     'x-served-by': 'cache-fra1231-FRA',
108 silly get     'x-cache': 'HIT',
108 silly get     'x-cache-hits': '10',
108 silly get     'x-timer': 'S1469481424.376847,VS0,VE0',
108 silly get     vary: 'Accept-Encoding' } ]
109 verbose etag https://registry.npmjs.org/chalk from cache
110 verbose get saving chalk to C:\Users\Cox\AppData\Roaming\npm-cache\registry.npmjs.org\chalk\.cache.json
111 silly addNameRange number 2 { name: 'chalk', range: '>=1.1.0 <2.0.0', hasData: true }
112 silly addNameRange versions [ 'chalk',
112 silly addNameRange   [ '0.1.0',
112 silly addNameRange     '0.1.1',
112 silly addNameRange     '0.2.0',
112 silly addNameRange     '0.2.1',
112 silly addNameRange     '0.3.0',
112 silly addNameRange     '0.4.0',
112 silly addNameRange     '0.5.0',
112 silly addNameRange     '0.5.1',
112 silly addNameRange     '1.0.0',
112 silly addNameRange     '1.1.0',
112 silly addNameRange     '1.1.1',
112 silly addNameRange     '1.1.2',
112 silly addNameRange     '1.1.3' ] ]
113 silly addNamed chalk@1.1.3
114 verbose addNamed "1.1.3" is a plain semver version for chalk
115 silly cache afterAdd chalk@1.1.3
116 verbose afterAdd C:\Users\Cox\AppData\Roaming\npm-cache\chalk\1.1.3\package\package.json not in flight; writing
117 verbose afterAdd C:\Users\Cox\AppData\Roaming\npm-cache\chalk\1.1.3\package\package.json written
118 silly install resolved [ { name: 'chalk',
118 silly install resolved     version: '1.1.3',
118 silly install resolved     description: 'Terminal string styling done right. Much color.',
118 silly install resolved     license: 'MIT',
118 silly install resolved     repository: { type: 'git', url: 'git+https://github.com/chalk/chalk.git' },
118 silly install resolved     maintainers: [ [Object], [Object], [Object] ],
118 silly install resolved     engines: { node: '>=0.10.0' },
118 silly install resolved     scripts:
118 silly install resolved      { test: 'xo && mocha',
118 silly install resolved        bench: 'matcha benchmark.js',
118 silly install resolved        coverage: 'nyc npm test && nyc report',
118 silly install resolved        coveralls: 'nyc npm test && nyc report --reporter=text-lcov | coveralls' },
118 silly install resolved     files: [ 'index.js' ],
118 silly install resolved     keywords:
118 silly install resolved      [ 'color',
118 silly install resolved        'colour',
118 silly install resolved        'colors',
118 silly install resolved        'terminal',
118 silly install resolved        'console',
118 silly install resolved        'cli',
118 silly install resolved        'string',
118 silly install resolved        'str',
118 silly install resolved        'ansi',
118 silly install resolved        'style',
118 silly install resolved        'styles',
118 silly install resolved        'tty',
118 silly install resolved        'formatting',
118 silly install resolved        'rgb',
118 silly install resolved        '256',
118 silly install resolved        'shell',
118 silly install resolved        'xterm',
118 silly install resolved        'log',
118 silly install resolved        'logging',
118 silly install resolved        'command-line',
118 silly install resolved        'text' ],
118 silly install resolved     dependencies:
118 silly install resolved      { 'ansi-styles': '^2.2.1',
118 silly install resolved        'escape-string-regexp': '^1.0.2',
118 silly install resolved        'has-ansi': '^2.0.0',
118 silly install resolved        'strip-ansi': '^3.0.0',
118 silly install resolved        'supports-color': '^2.0.0' },
118 silly install resolved     devDependencies:
118 silly install resolved      { coveralls: '^2.11.2',
118 silly install resolved        matcha: '^0.6.0',
118 silly install resolved        mocha: '*',
118 silly install resolved        nyc: '^3.0.0',
118 silly install resolved        'require-uncached': '^1.0.2',
118 silly install resolved        'resolve-from': '^1.0.0',
118 silly install resolved        semver: '^4.3.3',
118 silly install resolved        xo: '*' },
118 silly install resolved     xo: { envs: [Object] },
118 silly install resolved     gitHead: '0d8d8c204eb87a4038219131ad4d8369c9f59d24',
118 silly install resolved     bugs: { url: 'https://github.com/chalk/chalk/issues' },
118 silly install resolved     homepage: 'https://github.com/chalk/chalk#readme',
118 silly install resolved     _id: 'chalk@1.1.3',
118 silly install resolved     _shasum: 'a8115c55e4a702fe4d150abd3872822a7e09fc98',
118 silly install resolved     _from: 'chalk@>=1.1.0 <2.0.0',
118 silly install resolved     _npmVersion: '2.14.2',
118 silly install resolved     _nodeVersion: '0.10.32',
118 silly install resolved     _npmUser: { name: 'qix', email: 'i.am.qix@gmail.com' },
118 silly install resolved     dist:
118 silly install resolved      { shasum: 'a8115c55e4a702fe4d150abd3872822a7e09fc98',
118 silly install resolved        tarball: 'https://registry.npmjs.org/chalk/-/chalk-1.1.3.tgz' },
118 silly install resolved     _npmOperationalInternal:
118 silly install resolved      { host: 'packages-12-west.internal.npmjs.com',
118 silly install resolved        tmp: 'tmp/chalk-1.1.3.tgz_1459210604109_0.3892582862172276' },
118 silly install resolved     directories: {},
118 silly install resolved     _resolved: 'https://registry.npmjs.org/chalk/-/chalk-1.1.3.tgz',
118 silly install resolved     readme: 'ERROR: No README data found!' } ]
119 info install chalk@1.1.3 into C:\htdocs\angelshop\typo3conf\node_modules\grunt-banner
120 info installOne chalk@1.1.3
121 verbose installOne of chalk to C:\htdocs\angelshop\typo3conf\node_modules\grunt-banner not in flight; installing
122 verbose lock using C:\Users\Cox\AppData\Roaming\npm-cache\_locks\chalk-317ae184c10d5f4a.lock for C:\htdocs\angelshop\typo3conf\node_modules\grunt-banner\node_modules\chalk
123 silly install write writing chalk 1.1.3 to C:\htdocs\angelshop\typo3conf\node_modules\grunt-banner\node_modules\chalk
124 verbose unbuild node_modules\grunt-banner\node_modules\chalk
125 silly gentlyRm C:\htdocs\angelshop\typo3conf\node_modules\grunt-banner\node_modules\chalk is being purged from base C:\htdocs\angelshop\typo3conf
126 verbose gentlyRm don't care about contents; nuking C:\htdocs\angelshop\typo3conf\node_modules\grunt-banner\node_modules\chalk
127 verbose tar unpack C:\Users\Cox\AppData\Roaming\npm-cache\chalk\1.1.3\package.tgz
128 verbose tar unpacking to C:\htdocs\angelshop\typo3conf\node_modules\grunt-banner\node_modules\chalk
129 silly gentlyRm C:\htdocs\angelshop\typo3conf\node_modules\grunt-banner\node_modules\chalk is being purged
130 verbose gentlyRm don't care about contents; nuking C:\htdocs\angelshop\typo3conf\node_modules\grunt-banner\node_modules\chalk
131 silly gunzTarPerm modes [ '777', '666' ]
132 silly gunzTarPerm extractEntry package.json
133 silly gunzTarPerm modified mode [ 'package.json', 420, 438 ]
134 silly gunzTarPerm extractEntry index.js
135 silly gunzTarPerm modified mode [ 'index.js', 420, 438 ]
136 silly gunzTarPerm extractEntry license
137 silly gunzTarPerm modified mode [ 'license', 420, 438 ]
138 silly gunzTarPerm extractEntry readme.md
139 silly gunzTarPerm modified mode [ 'readme.md', 420, 438 ]
140 verbose write writing to C:\htdocs\angelshop\typo3conf\node_modules\grunt-banner\node_modules\chalk\package.json
141 info preinstall chalk@1.1.3
142 verbose readDependencies loading dependencies from C:\htdocs\angelshop\typo3conf\node_modules\grunt-banner\node_modules\chalk\package.json
143 silly prepareForInstallMany adding ansi-styles@^2.2.1 from chalk dependencies
144 silly prepareForInstallMany adding escape-string-regexp@^1.0.2 from chalk dependencies
145 silly prepareForInstallMany adding has-ansi@^2.0.0 from chalk dependencies
146 silly prepareForInstallMany adding strip-ansi@^3.0.0 from chalk dependencies
147 silly prepareForInstallMany adding supports-color@^2.0.0 from chalk dependencies
148 verbose readDependencies loading dependencies from C:\htdocs\angelshop\typo3conf\node_modules\grunt-banner\node_modules\chalk\package.json
149 silly cache add args [ 'escape-string-regexp@^1.0.2', null ]
150 verbose cache add spec escape-string-regexp@^1.0.2
151 silly cache add parsed spec Result {
151 silly cache add   raw: 'escape-string-regexp@^1.0.2',
151 silly cache add   scope: null,
151 silly cache add   name: 'escape-string-regexp',
151 silly cache add   rawSpec: '^1.0.2',
151 silly cache add   spec: '>=1.0.2 <2.0.0',
151 silly cache add   type: 'range' }
152 silly addNamed escape-string-regexp@>=1.0.2 <2.0.0
153 verbose addNamed ">=1.0.2 <2.0.0" is a valid semver range for escape-string-regexp
154 silly addNameRange { name: 'escape-string-regexp',
154 silly addNameRange   range: '>=1.0.2 <2.0.0',
154 silly addNameRange   hasData: false }
155 silly mapToRegistry name escape-string-regexp
156 silly mapToRegistry using default registry
157 silly mapToRegistry registry https://registry.npmjs.org/
158 silly mapToRegistry uri https://registry.npmjs.org/escape-string-regexp
159 verbose addNameRange registry:https://registry.npmjs.org/escape-string-regexp not in flight; fetching
160 silly cache add args [ 'has-ansi@^2.0.0', null ]
161 verbose cache add spec has-ansi@^2.0.0
162 silly cache add parsed spec Result {
162 silly cache add   raw: 'has-ansi@^2.0.0',
162 silly cache add   scope: null,
162 silly cache add   name: 'has-ansi',
162 silly cache add   rawSpec: '^2.0.0',
162 silly cache add   spec: '>=2.0.0 <3.0.0',
162 silly cache add   type: 'range' }
163 silly addNamed has-ansi@>=2.0.0 <3.0.0
164 verbose addNamed ">=2.0.0 <3.0.0" is a valid semver range for has-ansi
165 silly addNameRange { name: 'has-ansi', range: '>=2.0.0 <3.0.0', hasData: false }
166 silly mapToRegistry name has-ansi
167 silly mapToRegistry using default registry
168 silly mapToRegistry registry https://registry.npmjs.org/
169 silly mapToRegistry uri https://registry.npmjs.org/has-ansi
170 verbose addNameRange registry:https://registry.npmjs.org/has-ansi not in flight; fetching
171 silly cache add args [ 'strip-ansi@^3.0.0', null ]
172 verbose cache add spec strip-ansi@^3.0.0
173 silly cache add parsed spec Result {
173 silly cache add   raw: 'strip-ansi@^3.0.0',
173 silly cache add   scope: null,
173 silly cache add   name: 'strip-ansi',
173 silly cache add   rawSpec: '^3.0.0',
173 silly cache add   spec: '>=3.0.0 <4.0.0',
173 silly cache add   type: 'range' }
174 silly addNamed strip-ansi@>=3.0.0 <4.0.0
175 verbose addNamed ">=3.0.0 <4.0.0" is a valid semver range for strip-ansi
176 silly addNameRange { name: 'strip-ansi', range: '>=3.0.0 <4.0.0', hasData: false }
177 silly mapToRegistry name strip-ansi
178 silly mapToRegistry using default registry
179 silly mapToRegistry registry https://registry.npmjs.org/
180 silly mapToRegistry uri https://registry.npmjs.org/strip-ansi
181 verbose addNameRange registry:https://registry.npmjs.org/strip-ansi not in flight; fetching
182 silly cache add args [ 'supports-color@^2.0.0', null ]
183 verbose cache add spec supports-color@^2.0.0
184 silly cache add parsed spec Result {
184 silly cache add   raw: 'supports-color@^2.0.0',
184 silly cache add   scope: null,
184 silly cache add   name: 'supports-color',
184 silly cache add   rawSpec: '^2.0.0',
184 silly cache add   spec: '>=2.0.0 <3.0.0',
184 silly cache add   type: 'range' }
185 silly addNamed supports-color@>=2.0.0 <3.0.0
186 verbose addNamed ">=2.0.0 <3.0.0" is a valid semver range for supports-color
187 silly addNameRange { name: 'supports-color',
187 silly addNameRange   range: '>=2.0.0 <3.0.0',
187 silly addNameRange   hasData: false }
188 silly mapToRegistry name supports-color
189 silly mapToRegistry using default registry
190 silly mapToRegistry registry https://registry.npmjs.org/
191 silly mapToRegistry uri https://registry.npmjs.org/supports-color
192 verbose addNameRange registry:https://registry.npmjs.org/supports-color not in flight; fetching
193 silly cache add args [ 'ansi-styles@^2.2.1', null ]
194 verbose cache add spec ansi-styles@^2.2.1
195 silly cache add parsed spec Result {
195 silly cache add   raw: 'ansi-styles@^2.2.1',
195 silly cache add   scope: null,
195 silly cache add   name: 'ansi-styles',
195 silly cache add   rawSpec: '^2.2.1',
195 silly cache add   spec: '>=2.2.1 <3.0.0',
195 silly cache add   type: 'range' }
196 silly addNamed ansi-styles@>=2.2.1 <3.0.0
197 verbose addNamed ">=2.2.1 <3.0.0" is a valid semver range for ansi-styles
198 silly addNameRange { name: 'ansi-styles', range: '>=2.2.1 <3.0.0', hasData: false }
199 silly mapToRegistry name ansi-styles
200 silly mapToRegistry using default registry
201 silly mapToRegistry registry https://registry.npmjs.org/
202 silly mapToRegistry uri https://registry.npmjs.org/ansi-styles
203 verbose addNameRange registry:https://registry.npmjs.org/ansi-styles not in flight; fetching
204 verbose request uri https://registry.npmjs.org/escape-string-regexp
205 verbose request no auth needed
206 info attempt registry request try #1 at 23:17:02
207 verbose etag "6KTGFS9RIPM29TUJQ6RDLQRVA"
208 http request GET https://registry.npmjs.org/escape-string-regexp
209 verbose request uri https://registry.npmjs.org/has-ansi
210 verbose request no auth needed
211 info attempt registry request try #1 at 23:17:02
212 verbose etag "5BRJ6SWTFTG3PC77WJMU0S9MB"
213 http request GET https://registry.npmjs.org/has-ansi
214 verbose request uri https://registry.npmjs.org/strip-ansi
215 verbose request no auth needed
216 info attempt registry request try #1 at 23:17:02
217 verbose etag "B6TG8P0JRVWX1Y3QTWOIVFFNQ"
218 http request GET https://registry.npmjs.org/strip-ansi
219 verbose request uri https://registry.npmjs.org/supports-color
220 verbose request no auth needed
221 info attempt registry request try #1 at 23:17:02
222 verbose etag "87VJAKWYUF4A2G4LCQKH55FZE"
223 http request GET https://registry.npmjs.org/supports-color
224 verbose request uri https://registry.npmjs.org/ansi-styles
225 verbose request no auth needed
226 info attempt registry request try #1 at 23:17:02
227 verbose etag "2S43S9IH54YQSFIO0BL7CTRUF"
228 http request GET https://registry.npmjs.org/ansi-styles
229 http 304 https://registry.npmjs.org/has-ansi
230 silly get cb [ 304,
230 silly get   { date: 'Mon, 25 Jul 2016 21:17:04 GMT',
230 silly get     via: '1.1 varnish',
230 silly get     'cache-control': 'max-age=300',
230 silly get     etag: '"5BRJ6SWTFTG3PC77WJMU0S9MB"',
230 silly get     age: '161',
230 silly get     connection: 'keep-alive',
230 silly get     'x-served-by': 'cache-fra1221-FRA',
230 silly get     'x-cache': 'HIT',
230 silly get     'x-cache-hits': '8',
230 silly get     'x-timer': 'S1469481424.622556,VS0,VE0',
230 silly get     vary: 'Accept-Encoding' } ]
231 verbose etag https://registry.npmjs.org/has-ansi from cache
232 verbose get saving has-ansi to C:\Users\Cox\AppData\Roaming\npm-cache\registry.npmjs.org\has-ansi\.cache.json
233 http 200 https://registry.npmjs.org/escape-string-regexp
234 silly get cb [ 200,
234 silly get   { server: 'CouchDB/1.5.0 (Erlang OTP/R16B03)',
234 silly get     etag: '"5BOOA1E0JTGLZ5WZEY9GYNT7"',
234 silly get     'content-type': 'application/json',
234 silly get     'content-encoding': 'gzip',
234 silly get     'cache-control': 'max-age=300',
234 silly get     'content-length': '1912',
234 silly get     'accept-ranges': 'bytes',
234 silly get     date: 'Mon, 25 Jul 2016 21:17:04 GMT',
234 silly get     via: '1.1 varnish',
234 silly get     age: '15',
234 silly get     connection: 'keep-alive',
234 silly get     'x-served-by': 'cache-fra1241-FRA',
234 silly get     'x-cache': 'HIT',
234 silly get     'x-cache-hits': '1',
234 silly get     'x-timer': 'S1469481424.623685,VS0,VE0',
234 silly get     vary: 'Accept-Encoding' } ]
235 verbose get saving escape-string-regexp to C:\Users\Cox\AppData\Roaming\npm-cache\registry.npmjs.org\escape-string-regexp\.cache.json
236 http 304 https://registry.npmjs.org/strip-ansi
237 silly get cb [ 304,
237 silly get   { date: 'Mon, 25 Jul 2016 21:17:04 GMT',
237 silly get     via: '1.1 varnish',
237 silly get     'cache-control': 'max-age=300',
237 silly get     etag: '"B6TG8P0JRVWX1Y3QTWOIVFFNQ"',
237 silly get     age: '15',
237 silly get     connection: 'keep-alive',
237 silly get     'x-served-by': 'cache-fra1226-FRA',
237 silly get     'x-cache': 'HIT',
237 silly get     'x-cache-hits': '14',
237 silly get     'x-timer': 'S1469481424.631507,VS0,VE0',
237 silly get     vary: 'Accept-Encoding' } ]
238 verbose etag https://registry.npmjs.org/strip-ansi from cache
239 verbose get saving strip-ansi to C:\Users\Cox\AppData\Roaming\npm-cache\registry.npmjs.org\strip-ansi\.cache.json
240 http 304 https://registry.npmjs.org/supports-color
241 silly get cb [ 304,
241 silly get   { date: 'Mon, 25 Jul 2016 21:17:04 GMT',
241 silly get     via: '1.1 varnish',
241 silly get     'cache-control': 'max-age=300',
241 silly get     etag: '"87VJAKWYUF4A2G4LCQKH55FZE"',
241 silly get     age: '250',
241 silly get     connection: 'keep-alive',
241 silly get     'x-served-by': 'cache-fra1240-FRA',
241 silly get     'x-cache': 'HIT',
241 silly get     'x-cache-hits': '12',
241 silly get     'x-timer': 'S1469481424.632266,VS0,VE0',
241 silly get     vary: 'Accept-Encoding' } ]
242 verbose etag https://registry.npmjs.org/supports-color from cache
243 verbose get saving supports-color to C:\Users\Cox\AppData\Roaming\npm-cache\registry.npmjs.org\supports-color\.cache.json
244 http 200 https://registry.npmjs.org/ansi-styles
245 silly get cb [ 200,
245 silly get   { server: 'CouchDB/1.6.1 (Erlang OTP/R16B03)',
245 silly get     etag: '"2AXJURRATWGBP36RZ6HGER6SP"',
245 silly get     'content-type': 'application/json',
245 silly get     'content-encoding': 'gzip',
245 silly get     'cache-control': 'max-age=300',
245 silly get     'content-length': '2956',
245 silly get     'accept-ranges': 'bytes',
245 silly get     date: 'Mon, 25 Jul 2016 21:17:04 GMT',
245 silly get     via: '1.1 varnish',
245 silly get     age: '202',
245 silly get     connection: 'keep-alive',
245 silly get     'x-served-by': 'cache-fra1232-FRA',
245 silly get     'x-cache': 'HIT',
245 silly get     'x-cache-hits': '8',
245 silly get     'x-timer': 'S1469481424.633909,VS0,VE0',
245 silly get     vary: 'Accept-Encoding' } ]
246 verbose get saving ansi-styles to C:\Users\Cox\AppData\Roaming\npm-cache\registry.npmjs.org\ansi-styles\.cache.json
247 silly addNameRange number 2 { name: 'escape-string-regexp',
247 silly addNameRange   range: '>=1.0.2 <2.0.0',
247 silly addNameRange   hasData: true }
248 silly addNameRange versions [ 'escape-string-regexp',
248 silly addNameRange   [ '1.0.0', '1.0.1', '1.0.2', '1.0.3', '1.0.4', '1.0.5' ] ]
249 silly addNamed escape-string-regexp@1.0.5
250 verbose addNamed "1.0.5" is a plain semver version for escape-string-regexp
251 silly addNameRange number 2 { name: 'has-ansi', range: '>=2.0.0 <3.0.0', hasData: true }
252 silly addNameRange versions [ 'has-ansi',
252 silly addNameRange   [ '0.1.0', '1.0.0', '1.0.1', '1.0.2', '1.0.3', '2.0.0' ] ]
253 silly addNamed has-ansi@2.0.0
254 verbose addNamed "2.0.0" is a plain semver version for has-ansi
255 silly cache afterAdd escape-string-regexp@1.0.5
256 verbose afterAdd C:\Users\Cox\AppData\Roaming\npm-cache\escape-string-regexp\1.0.5\package\package.json not in flight; writing
257 silly addNameRange number 2 { name: 'strip-ansi', range: '>=3.0.0 <4.0.0', hasData: true }
258 silly addNameRange versions [ 'strip-ansi',
258 silly addNameRange   [ '0.1.0',
258 silly addNameRange     '0.1.1',
258 silly addNameRange     '0.2.0',
258 silly addNameRange     '0.2.1',
258 silly addNameRange     '0.2.2',
258 silly addNameRange     '0.3.0',
258 silly addNameRange     '1.0.0',
258 silly addNameRange     '2.0.0',
258 silly addNameRange     '2.0.1',
258 silly addNameRange     '3.0.0',
258 silly addNameRange     '3.0.1' ] ]
259 silly addNamed strip-ansi@3.0.1
260 verbose addNamed "3.0.1" is a plain semver version for strip-ansi
261 silly addNameRange number 2 { name: 'supports-color',
261 silly addNameRange   range: '>=2.0.0 <3.0.0',
261 silly addNameRange   hasData: true }
262 silly addNameRange versions [ 'supports-color',
262 silly addNameRange   [ '0.2.0',
262 silly addNameRange     '1.0.0',
262 silly addNameRange     '1.1.0',
262 silly addNameRange     '1.2.0',
262 silly addNameRange     '1.2.1',
262 silly addNameRange     '1.3.0',
262 silly addNameRange     '1.3.1',
262 silly addNameRange     '2.0.0',
262 silly addNameRange     '3.0.0',
262 silly addNameRange     '3.0.1',
262 silly addNameRange     '3.1.0',
262 silly addNameRange     '3.1.1',
262 silly addNameRange     '3.1.2' ] ]
263 silly addNamed supports-color@2.0.0
264 verbose addNamed "2.0.0" is a plain semver version for supports-color
265 silly cache afterAdd has-ansi@2.0.0
266 verbose afterAdd C:\Users\Cox\AppData\Roaming\npm-cache\has-ansi\2.0.0\package\package.json not in flight; writing
267 silly cache afterAdd strip-ansi@3.0.1
268 verbose afterAdd C:\Users\Cox\AppData\Roaming\npm-cache\strip-ansi\3.0.1\package\package.json not in flight; writing
269 silly cache afterAdd supports-color@2.0.0
270 verbose afterAdd C:\Users\Cox\AppData\Roaming\npm-cache\supports-color\2.0.0\package\package.json not in flight; writing
271 silly addNameRange number 2 { name: 'ansi-styles', range: '>=2.2.1 <3.0.0', hasData: true }
272 silly addNameRange versions [ 'ansi-styles',
272 silly addNameRange   [ '0.1.0',
272 silly addNameRange     '0.1.1',
272 silly addNameRange     '0.1.2',
272 silly addNameRange     '0.2.0',
272 silly addNameRange     '1.0.0',
272 silly addNameRange     '1.1.0',
272 silly addNameRange     '2.0.0',
272 silly addNameRange     '2.0.1',
272 silly addNameRange     '2.1.0',
272 silly addNameRange     '2.2.1' ] ]
273 silly addNamed ansi-styles@2.2.1
274 verbose addNamed "2.2.1" is a plain semver version for ansi-styles
275 verbose afterAdd C:\Users\Cox\AppData\Roaming\npm-cache\escape-string-regexp\1.0.5\package\package.json written
276 silly cache afterAdd ansi-styles@2.2.1
277 verbose afterAdd C:\Users\Cox\AppData\Roaming\npm-cache\ansi-styles\2.2.1\package\package.json not in flight; writing
278 verbose afterAdd C:\Users\Cox\AppData\Roaming\npm-cache\has-ansi\2.0.0\package\package.json written
279 verbose afterAdd C:\Users\Cox\AppData\Roaming\npm-cache\supports-color\2.0.0\package\package.json written
280 verbose afterAdd C:\Users\Cox\AppData\Roaming\npm-cache\ansi-styles\2.2.1\package\package.json written
281 verbose afterAdd C:\Users\Cox\AppData\Roaming\npm-cache\strip-ansi\3.0.1\package\package.json written
282 silly install resolved [ { name: 'escape-string-regexp',
282 silly install resolved     version: '1.0.5',
282 silly install resolved     description: 'Escape RegExp special characters',
282 silly install resolved     license: 'MIT',
282 silly install resolved     repository:
282 silly install resolved      { type: 'git',
282 silly install resolved        url: 'git+https://github.com/sindresorhus/escape-string-regexp.git' },
282 silly install resolved     author:
282 silly install resolved      { name: 'Sindre Sorhus',
282 silly install resolved        email: 'sindresorhus@gmail.com',
282 silly install resolved        url: 'sindresorhus.com' },
282 silly install resolved     maintainers: [ [Object], [Object] ],
282 silly install resolved     engines: { node: '>=0.8.0' },
282 silly install resolved     scripts: { test: 'xo && ava' },
282 silly install resolved     files: [ 'index.js' ],
282 silly install resolved     keywords:
282 silly install resolved      [ 'escape',
282 silly install resolved        'regex',
282 silly install resolved        'regexp',
282 silly install resolved        're',
282 silly install resolved        'regular',
282 silly install resolved        'expression',
282 silly install resolved        'string',
282 silly install resolved        'str',
282 silly install resolved        'special',
282 silly install resolved        'characters' ],
282 silly install resolved     devDependencies: { ava: '*', xo: '*' },
282 silly install resolved     gitHead: 'db124a3e1aae9d692c4899e42a5c6c3e329eaa20',
282 silly install resolved     bugs: { url: 'https://github.com/sindresorhus/escape-string-regexp/issues' },
282 silly install resolved     homepage: 'https://github.com/sindresorhus/escape-string-regexp',
282 silly install resolved     _id: 'escape-string-regexp@1.0.5',
282 silly install resolved     _shasum: '1b61c0562190a8dff6ae3bb2cf0200ca130b86d4',
282 silly install resolved     _from: 'escape-string-regexp@>=1.0.2 <2.0.0',
282 silly install resolved     _npmVersion: '2.14.12',
282 silly install resolved     _nodeVersion: '4.2.6',
282 silly install resolved     _npmUser: { name: 'jbnicolai', email: 'jappelman@xebia.com' },
282 silly install resolved     dist:
282 silly install resolved      { shasum: '1b61c0562190a8dff6ae3bb2cf0200ca130b86d4',
282 silly install resolved        tarball: 'https://registry.npmjs.org/escape-string-regexp/-/escape-string-regexp-1.0.5.tgz' },
282 silly install resolved     _npmOperationalInternal:
282 silly install resolved      { host: 'packages-9-west.internal.npmjs.com',
282 silly install resolved        tmp: 'tmp/escape-string-regexp-1.0.5.tgz_1456059312074_0.7245344955008477' },
282 silly install resolved     directories: {},
282 silly install resolved     _resolved: 'https://registry.npmjs.org/escape-string-regexp/-/escape-string-regexp-1.0.5.tgz',
282 silly install resolved     readme: 'ERROR: No README data found!' },
282 silly install resolved   { name: 'has-ansi',
282 silly install resolved     version: '2.0.0',
282 silly install resolved     description: 'Check if a string has ANSI escape codes',
282 silly install resolved     license: 'MIT',
282 silly install resolved     repository:
282 silly install resolved      { type: 'git',
282 silly install resolved        url: 'git+https://github.com/sindresorhus/has-ansi.git' },
282 silly install resolved     author:
282 silly install resolved      { name: 'Sindre Sorhus',
282 silly install resolved        email: 'sindresorhus@gmail.com',
282 silly install resolved        url: 'sindresorhus.com' },
282 silly install resolved     maintainers: [ [Object], [Object] ],
282 silly install resolved     engines: { node: '>=0.10.0' },
282 silly install resolved     scripts: { test: 'node test.js' },
282 silly install resolved     files: [ 'index.js' ],
282 silly install resolved     keywords:
282 silly install resolved      [ 'ansi',
282 silly install resolved        'styles',
282 silly install resolved        'color',
282 silly install resolved        'colour',
282 silly install resolved        'colors',
282 silly install resolved        'terminal',
282 silly install resolved        'console',
282 silly install resolved        'string',
282 silly install resolved        'tty',
282 silly install resolved        'escape',
282 silly install resolved        'shell',
282 silly install resolved        'xterm',
282 silly install resolved        'command-line',
282 silly install resolved        'text',
282 silly install resolved        'regex',
282 silly install resolved        'regexp',
282 silly install resolved        're',
282 silly install resolved        'match',
282 silly install resolved        'test',
282 silly install resolved        'find',
282 silly install resolved        'pattern',
282 silly install resolved        'has' ],
282 silly install resolved     dependencies: { 'ansi-regex': '^2.0.0' },
282 silly install resolved     devDependencies: { ava: '0.0.4' },
282 silly install resolved     gitHead: '0722275e1bef139fcd09137da6e5550c3cd368b9',
282 silly install resolved     bugs: { url: 'https://github.com/sindresorhus/has-ansi/issues' },
282 silly install resolved     homepage: 'https://github.com/sindresorhus/has-ansi',
282 silly install resolved     _id: 'has-ansi@2.0.0',
282 silly install resolved     _shasum: '34f5049ce1ecdf2b0649af3ef24e45ed35416d91',
282 silly install resolved     _from: 'has-ansi@>=2.0.0 <3.0.0',
282 silly install resolved     _npmVersion: '2.11.2',
282 silly install resolved     _nodeVersion: '0.12.5',
282 silly install resolved     _npmUser: { name: 'sindresorhus', email: 'sindresorhus@gmail.com' },
282 silly install resolved     dist:
282 silly install resolved      { shasum: '34f5049ce1ecdf2b0649af3ef24e45ed35416d91',
282 silly install resolved        tarball: 'https://registry.npmjs.org/has-ansi/-/has-ansi-2.0.0.tgz' },
282 silly install resolved     directories: {},
282 silly install resolved     _resolved: 'https://registry.npmjs.org/has-ansi/-/has-ansi-2.0.0.tgz',
282 silly install resolved     readme: 'ERROR: No README data found!' },
282 silly install resolved   { name: 'supports-color',
282 silly install resolved     version: '2.0.0',
282 silly install resolved     description: 'Detect whether a terminal supports color',
282 silly install resolved     license: 'MIT',
282 silly install resolved     repository:
282 silly install resolved      { type: 'git',
282 silly install resolved        url: 'git+https://github.com/chalk/supports-color.git' },
282 silly install resolved     author:
282 silly install resolved      { name: 'Sindre Sorhus',
282 silly install resolved        email: 'sindresorhus@gmail.com',
282 silly install resolved        url: 'sindresorhus.com' },
282 silly install resolved     maintainers: [ [Object], [Object] ],
282 silly install resolved     engines: { node: '>=0.8.0' },
282 silly install resolved     scripts: { test: 'mocha' },
282 silly install resolved     files: [ 'index.js' ],
282 silly install resolved     keywords:
282 silly install resolved      [ 'color',
282 silly install resolved        'colour',
282 silly install resolved        'colors',
282 silly install resolved        'terminal',
282 silly install resolved        'console',
282 silly install resolved        'cli',
282 silly install resolved        'ansi',
282 silly install resolved        'styles',
282 silly install resolved        'tty',
282 silly install resolved        'rgb',
282 silly install resolved        '256',
282 silly install resolved        'shell',
282 silly install resolved        'xterm',
282 silly install resolved        'command-line',
282 silly install resolved        'support',
282 silly install resolved        'supports',
282 silly install resolved        'capability',
282 silly install resolved        'detect' ],
282 silly install resolved     devDependencies: { mocha: '*', 'require-uncached': '^1.0.2' },
282 silly install resolved     gitHead: '8400d98ade32b2adffd50902c06d9e725a5c6588',
282 silly install resolved     bugs: { url: 'https://github.com/chalk/supports-color/issues' },
282 silly install resolved     homepage: 'https://github.com/chalk/supports-color',
282 silly install resolved     _id: 'supports-color@2.0.0',
282 silly install resolved     _shasum: '535d045ce6b6363fa40117084629995e9df324c7',
282 silly install resolved     _from: 'supports-color@>=2.0.0 <3.0.0',
282 silly install resolved     _npmVersion: '2.11.2',
282 silly install resolved     _nodeVersion: '0.12.5',
282 silly install resolved     _npmUser: { name: 'sindresorhus', email: 'sindresorhus@gmail.com' },
282 silly install resolved     dist:
282 silly install resolved      { shasum: '535d045ce6b6363fa40117084629995e9df324c7',
282 silly install resolved        tarball: 'https://registry.npmjs.org/supports-color/-/supports-color-2.0.0.tgz' },
282 silly install resolved     directories: {},
282 silly install resolved     _resolved: 'https://registry.npmjs.org/supports-color/-/supports-color-2.0.0.tgz',
282 silly install resolved     readme: 'ERROR: No README data found!' },
282 silly install resolved   { name: 'ansi-styles',
282 silly install resolved     version: '2.2.1',
282 silly install resolved     description: 'ANSI escape codes for styling strings in the terminal',
282 silly install resolved     license: 'MIT',
282 silly install resolved     repository:
282 silly install resolved      { type: 'git',
282 silly install resolved        url: 'git+https://github.com/chalk/ansi-styles.git' },
282 silly install resolved     author:
282 silly install resolved      { name: 'Sindre Sorhus',
282 silly install resolved        email: 'sindresorhus@gmail.com',
282 silly install resolved        url: 'sindresorhus.com' },
282 silly install resolved     maintainers: [ [Object] ],
282 silly install resolved     engines: { node: '>=0.10.0' },
282 silly install resolved     scripts: { test: 'mocha' },
282 silly install resolved     files: [ 'index.js' ],
282 silly install resolved     keywords:
282 silly install resolved      [ 'ansi',
282 silly install resolved        'styles',
282 silly install resolved        'color',
282 silly install resolved        'colour',
282 silly install resolved        'colors',
282 silly install resolved        'terminal',
282 silly install resolved        'console',
282 silly install resolved        'cli',
282 silly install resolved        'string',
282 silly install resolved        'tty',
282 silly install resolved        'escape',
282 silly install resolved        'formatting',
282 silly install resolved        'rgb',
282 silly install resolved        '256',
282 silly install resolved        'shell',
282 silly install resolved        'xterm',
282 silly install resolved        'log',
282 silly install resolved        'logging',
282 silly install resolved        'command-line',
282 silly install resolved        'text' ],
282 silly install resolved     devDependencies: { mocha: '*' },
282 silly install resolved     gitHead: '95c59b23be760108b6530ca1c89477c21b258032',
282 silly install resolved     bugs: { url: 'https://github.com/chalk/ansi-styles/issues' },
282 silly install resolved     homepage: 'https://github.com/chalk/ansi-styles#readme',
282 silly install resolved     _id: 'ansi-styles@2.2.1',
282 silly install resolved     _shasum: 'b432dd3358b634cf75e1e4664368240533c1ddbe',
282 silly install resolved     _from: 'ansi-styles@>=2.2.1 <3.0.0',
282 silly install resolved     _npmVersion: '3.8.3',
282 silly install resolved     _nodeVersion: '4.3.0',
282 silly install resolved     _npmUser: { name: 'sindresorhus', email: 'sindresorhus@gmail.com' },
282 silly install resolved     dist:
282 silly install resolved      { shasum: 'b432dd3358b634cf75e1e4664368240533c1ddbe',
282 silly install resolved        tarball: 'https://registry.npmjs.org/ansi-styles/-/ansi-styles-2.2.1.tgz' },
282 silly install resolved     _npmOperationalInternal:
282 silly install resolved      { host: 'packages-12-west.internal.npmjs.com',
282 silly install resolved        tmp: 'tmp/ansi-styles-2.2.1.tgz_1459197317833_0.9694824463222176' },
282 silly install resolved     directories: {},
282 silly install resolved     _resolved: 'https://registry.npmjs.org/ansi-styles/-/ansi-styles-2.2.1.tgz',
282 silly install resolved     readme: 'ERROR: No README data found!' },
282 silly install resolved   { name: 'strip-ansi',
282 silly install resolved     version: '3.0.1',
282 silly install resolved     description: 'Strip ANSI escape codes',
282 silly install resolved     license: 'MIT',
282 silly install resolved     repository:
282 silly install resolved      { type: 'git',
282 silly install resolved        url: 'git+https://github.com/chalk/strip-ansi.git' },
282 silly install resolved     author:
282 silly install resolved      { name: 'Sindre Sorhus',
282 silly install resolved        email: 'sindresorhus@gmail.com',
282 silly install resolved        url: 'sindresorhus.com' },
282 silly install resolved     maintainers: [ [Object], [Object] ],
282 silly install resolved     engines: { node: '>=0.10.0' },
282 silly install resolved     scripts: { test: 'xo && ava' },
282 silly install resolved     files: [ 'index.js' ],
282 silly install resolved     keywords:
282 silly install resolved      [ 'strip',
282 silly install resolved        'trim',
282 silly install resolved        'remove',
282 silly install resolved        'ansi',
282 silly install resolved        'styles',
282 silly install resolved        'color',
282 silly install resolved        'colour',
282 silly install resolved        'colors',
282 silly install resolved        'terminal',
282 silly install resolved        'console',
282 silly install resolved        'string',
282 silly install resolved        'tty',
282 silly install resolved        'escape',
282 silly install resolved        'formatting',
282 silly install resolved        'rgb',
282 silly install resolved        '256',
282 silly install resolved        'shell',
282 silly install resolved        'xterm',
282 silly install resolved        'log',
282 silly install resolved        'logging',
282 silly install resolved        'command-line',
282 silly install resolved        'text' ],
282 silly install resolved     dependencies: { 'ansi-regex': '^2.0.0' },
282 silly install resolved     devDependencies: { ava: '*', xo: '*' },
282 silly install resolved     gitHead: '8270705c704956da865623e564eba4875c3ea17f',
282 silly install resolved     bugs: { url: 'https://github.com/chalk/strip-ansi/issues' },
282 silly install resolved     homepage: 'https://github.com/chalk/strip-ansi',
282 silly install resolved     _id: 'strip-ansi@3.0.1',
282 silly install resolved     _shasum: '6a385fb8853d952d5ff05d0e8aaf94278dc63dcf',
282 silly install resolved     _from: 'strip-ansi@>=3.0.0 <4.0.0',
282 silly install resolved     _npmVersion: '2.11.3',
282 silly install resolved     _nodeVersion: '0.12.7',
282 silly install resolved     _npmUser: { name: 'jbnicolai', email: 'jappelman@xebia.com' },
282 silly install resolved     dist:
282 silly install resolved      { shasum: '6a385fb8853d952d5ff05d0e8aaf94278dc63dcf',
282 silly install resolved        tarball: 'https://registry.npmjs.org/strip-ansi/-/strip-ansi-3.0.1.tgz' },
282 silly install resolved     _npmOperationalInternal:
282 silly install resolved      { host: 'packages-9-west.internal.npmjs.com',
282 silly install resolved        tmp: 'tmp/strip-ansi-3.0.1.tgz_1456057278183_0.28958667791448534' },
282 silly install resolved     directories: {},
282 silly install resolved     _resolved: 'https://registry.npmjs.org/strip-ansi/-/strip-ansi-3.0.1.tgz',
282 silly install resolved     readme: 'ERROR: No README data found!' } ]
283 info install escape-string-regexp@1.0.5 into C:\htdocs\angelshop\typo3conf\node_modules\grunt-banner\node_modules\chalk
284 info install has-ansi@2.0.0 into C:\htdocs\angelshop\typo3conf\node_modules\grunt-banner\node_modules\chalk
285 info install supports-color@2.0.0 into C:\htdocs\angelshop\typo3conf\node_modules\grunt-banner\node_modules\chalk
286 info install ansi-styles@2.2.1 into C:\htdocs\angelshop\typo3conf\node_modules\grunt-banner\node_modules\chalk
287 info install strip-ansi@3.0.1 into C:\htdocs\angelshop\typo3conf\node_modules\grunt-banner\node_modules\chalk
288 info installOne escape-string-regexp@1.0.5
289 verbose installOne of escape-string-regexp to C:\htdocs\angelshop\typo3conf\node_modules\grunt-banner\node_modules\chalk not in flight; installing
290 info installOne has-ansi@2.0.0
291 verbose installOne of has-ansi to C:\htdocs\angelshop\typo3conf\node_modules\grunt-banner\node_modules\chalk not in flight; installing
292 info installOne supports-color@2.0.0
293 verbose installOne of supports-color to C:\htdocs\angelshop\typo3conf\node_modules\grunt-banner\node_modules\chalk not in flight; installing
294 info installOne ansi-styles@2.2.1
295 verbose installOne of ansi-styles to C:\htdocs\angelshop\typo3conf\node_modules\grunt-banner\node_modules\chalk not in flight; installing
296 info installOne strip-ansi@3.0.1
297 verbose installOne of strip-ansi to C:\htdocs\angelshop\typo3conf\node_modules\grunt-banner\node_modules\chalk not in flight; installing
298 verbose lock using C:\Users\Cox\AppData\Roaming\npm-cache\_locks\escape-string-regexp-4387a3f198344fe7.lock for C:\htdocs\angelshop\typo3conf\node_modules\grunt-banner\node_modules\chalk\node_modules\escape-string-regexp
299 verbose lock using C:\Users\Cox\AppData\Roaming\npm-cache\_locks\has-ansi-ddb13da235c05f1e.lock for C:\htdocs\angelshop\typo3conf\node_modules\grunt-banner\node_modules\chalk\node_modules\has-ansi
300 verbose lock using C:\Users\Cox\AppData\Roaming\npm-cache\_locks\ansi-styles-5c6345dc4f0c2608.lock for C:\htdocs\angelshop\typo3conf\node_modules\grunt-banner\node_modules\chalk\node_modules\ansi-styles
301 verbose lock using C:\Users\Cox\AppData\Roaming\npm-cache\_locks\supports-color-9501de0f1a578cfb.lock for C:\htdocs\angelshop\typo3conf\node_modules\grunt-banner\node_modules\chalk\node_modules\supports-color
302 silly install write writing escape-string-regexp 1.0.5 to C:\htdocs\angelshop\typo3conf\node_modules\grunt-banner\node_modules\chalk\node_modules\escape-string-regexp
303 verbose lock using C:\Users\Cox\AppData\Roaming\npm-cache\_locks\strip-ansi-627f36316b5d88ed.lock for C:\htdocs\angelshop\typo3conf\node_modules\grunt-banner\node_modules\chalk\node_modules\strip-ansi
304 silly install write writing has-ansi 2.0.0 to C:\htdocs\angelshop\typo3conf\node_modules\grunt-banner\node_modules\chalk\node_modules\has-ansi
305 silly install write writing ansi-styles 2.2.1 to C:\htdocs\angelshop\typo3conf\node_modules\grunt-banner\node_modules\chalk\node_modules\ansi-styles
306 silly install write writing supports-color 2.0.0 to C:\htdocs\angelshop\typo3conf\node_modules\grunt-banner\node_modules\chalk\node_modules\supports-color
307 silly install write writing strip-ansi 3.0.1 to C:\htdocs\angelshop\typo3conf\node_modules\grunt-banner\node_modules\chalk\node_modules\strip-ansi
308 verbose unbuild node_modules\grunt-banner\node_modules\chalk\node_modules\escape-string-regexp
309 verbose unbuild node_modules\grunt-banner\node_modules\chalk\node_modules\has-ansi
310 verbose unbuild node_modules\grunt-banner\node_modules\chalk\node_modules\ansi-styles
311 verbose unbuild node_modules\grunt-banner\node_modules\chalk\node_modules\supports-color
312 verbose unbuild node_modules\grunt-banner\node_modules\chalk\node_modules\strip-ansi
313 silly gentlyRm C:\htdocs\angelshop\typo3conf\node_modules\grunt-banner\node_modules\chalk\node_modules\escape-string-regexp is being purged from base C:\htdocs\angelshop\typo3conf
314 verbose gentlyRm don't care about contents; nuking C:\htdocs\angelshop\typo3conf\node_modules\grunt-banner\node_modules\chalk\node_modules\escape-string-regexp
315 silly gentlyRm C:\htdocs\angelshop\typo3conf\node_modules\grunt-banner\node_modules\chalk\node_modules\has-ansi is being purged from base C:\htdocs\angelshop\typo3conf
316 verbose gentlyRm don't care about contents; nuking C:\htdocs\angelshop\typo3conf\node_modules\grunt-banner\node_modules\chalk\node_modules\has-ansi
317 silly gentlyRm C:\htdocs\angelshop\typo3conf\node_modules\grunt-banner\node_modules\chalk\node_modules\ansi-styles is being purged from base C:\htdocs\angelshop\typo3conf
318 verbose gentlyRm don't care about contents; nuking C:\htdocs\angelshop\typo3conf\node_modules\grunt-banner\node_modules\chalk\node_modules\ansi-styles
319 silly gentlyRm C:\htdocs\angelshop\typo3conf\node_modules\grunt-banner\node_modules\chalk\node_modules\supports-color is being purged from base C:\htdocs\angelshop\typo3conf
320 verbose gentlyRm don't care about contents; nuking C:\htdocs\angelshop\typo3conf\node_modules\grunt-banner\node_modules\chalk\node_modules\supports-color
321 verbose tar unpack C:\Users\Cox\AppData\Roaming\npm-cache\escape-string-regexp\1.0.5\package.tgz
322 verbose tar unpacking to C:\htdocs\angelshop\typo3conf\node_modules\grunt-banner\node_modules\chalk\node_modules\escape-string-regexp
323 silly gentlyRm C:\htdocs\angelshop\typo3conf\node_modules\grunt-banner\node_modules\chalk\node_modules\escape-string-regexp is being purged
324 verbose gentlyRm don't care about contents; nuking C:\htdocs\angelshop\typo3conf\node_modules\grunt-banner\node_modules\chalk\node_modules\escape-string-regexp
325 verbose tar unpack C:\Users\Cox\AppData\Roaming\npm-cache\has-ansi\2.0.0\package.tgz
326 verbose tar unpacking to C:\htdocs\angelshop\typo3conf\node_modules\grunt-banner\node_modules\chalk\node_modules\has-ansi
327 silly gentlyRm C:\htdocs\angelshop\typo3conf\node_modules\grunt-banner\node_modules\chalk\node_modules\has-ansi is being purged
328 verbose gentlyRm don't care about contents; nuking C:\htdocs\angelshop\typo3conf\node_modules\grunt-banner\node_modules\chalk\node_modules\has-ansi
329 verbose tar unpack C:\Users\Cox\AppData\Roaming\npm-cache\ansi-styles\2.2.1\package.tgz
330 verbose tar unpacking to C:\htdocs\angelshop\typo3conf\node_modules\grunt-banner\node_modules\chalk\node_modules\ansi-styles
331 silly gentlyRm C:\htdocs\angelshop\typo3conf\node_modules\grunt-banner\node_modules\chalk\node_modules\ansi-styles is being purged
332 verbose gentlyRm don't care about contents; nuking C:\htdocs\angelshop\typo3conf\node_modules\grunt-banner\node_modules\chalk\node_modules\ansi-styles
333 silly gentlyRm C:\htdocs\angelshop\typo3conf\node_modules\grunt-banner\node_modules\chalk\node_modules\strip-ansi is being purged from base C:\htdocs\angelshop\typo3conf
334 verbose gentlyRm don't care about contents; nuking C:\htdocs\angelshop\typo3conf\node_modules\grunt-banner\node_modules\chalk\node_modules\strip-ansi
335 verbose tar unpack C:\Users\Cox\AppData\Roaming\npm-cache\supports-color\2.0.0\package.tgz
336 verbose tar unpacking to C:\htdocs\angelshop\typo3conf\node_modules\grunt-banner\node_modules\chalk\node_modules\supports-color
337 silly gentlyRm C:\htdocs\angelshop\typo3conf\node_modules\grunt-banner\node_modules\chalk\node_modules\supports-color is being purged
338 verbose gentlyRm don't care about contents; nuking C:\htdocs\angelshop\typo3conf\node_modules\grunt-banner\node_modules\chalk\node_modules\supports-color
339 silly gunzTarPerm modes [ '777', '666' ]
340 silly gunzTarPerm modes [ '777', '666' ]
341 silly gunzTarPerm modes [ '777', '666' ]
342 verbose tar unpack C:\Users\Cox\AppData\Roaming\npm-cache\strip-ansi\3.0.1\package.tgz
343 verbose tar unpacking to C:\htdocs\angelshop\typo3conf\node_modules\grunt-banner\node_modules\chalk\node_modules\strip-ansi
344 silly gentlyRm C:\htdocs\angelshop\typo3conf\node_modules\grunt-banner\node_modules\chalk\node_modules\strip-ansi is being purged
345 verbose gentlyRm don't care about contents; nuking C:\htdocs\angelshop\typo3conf\node_modules\grunt-banner\node_modules\chalk\node_modules\strip-ansi
346 silly gunzTarPerm modes [ '777', '666' ]
347 silly gunzTarPerm modes [ '777', '666' ]
348 silly gunzTarPerm extractEntry package.json
349 silly gunzTarPerm modified mode [ 'package.json', 420, 438 ]
350 silly gunzTarPerm extractEntry package.json
351 silly gunzTarPerm modified mode [ 'package.json', 420, 438 ]
352 silly gunzTarPerm extractEntry package.json
353 silly gunzTarPerm modified mode [ 'package.json', 420, 438 ]
354 silly gunzTarPerm extractEntry package.json
355 silly gunzTarPerm modified mode [ 'package.json', 420, 438 ]
356 silly gunzTarPerm extractEntry package.json
357 silly gunzTarPerm modified mode [ 'package.json', 420, 438 ]
358 silly gunzTarPerm extractEntry index.js
359 silly gunzTarPerm modified mode [ 'index.js', 420, 438 ]
360 silly gunzTarPerm extractEntry license
361 silly gunzTarPerm modified mode [ 'license', 420, 438 ]
362 silly gunzTarPerm extractEntry index.js
363 silly gunzTarPerm modified mode [ 'index.js', 420, 438 ]
364 silly gunzTarPerm extractEntry license
365 silly gunzTarPerm modified mode [ 'license', 420, 438 ]
366 silly gunzTarPerm extractEntry index.js
367 silly gunzTarPerm modified mode [ 'index.js', 420, 438 ]
368 silly gunzTarPerm extractEntry license
369 silly gunzTarPerm modified mode [ 'license', 420, 438 ]
370 silly gunzTarPerm extractEntry index.js
371 silly gunzTarPerm modified mode [ 'index.js', 420, 438 ]
372 silly gunzTarPerm extractEntry license
373 silly gunzTarPerm modified mode [ 'license', 420, 438 ]
374 silly gunzTarPerm extractEntry index.js
375 silly gunzTarPerm modified mode [ 'index.js', 420, 438 ]
376 silly gunzTarPerm extractEntry license
377 silly gunzTarPerm modified mode [ 'license', 420, 438 ]
378 silly gunzTarPerm extractEntry readme.md
379 silly gunzTarPerm modified mode [ 'readme.md', 420, 438 ]
380 silly gunzTarPerm extractEntry readme.md
381 silly gunzTarPerm modified mode [ 'readme.md', 420, 438 ]
382 silly gunzTarPerm extractEntry readme.md
383 silly gunzTarPerm modified mode [ 'readme.md', 420, 438 ]
384 silly gunzTarPerm extractEntry readme.md
385 silly gunzTarPerm modified mode [ 'readme.md', 420, 438 ]
386 silly gunzTarPerm extractEntry readme.md
387 silly gunzTarPerm modified mode [ 'readme.md', 420, 438 ]
388 verbose write writing to C:\htdocs\angelshop\typo3conf\node_modules\grunt-banner\node_modules\chalk\node_modules\has-ansi\package.json
389 verbose write writing to C:\htdocs\angelshop\typo3conf\node_modules\grunt-banner\node_modules\chalk\node_modules\supports-color\package.json
390 verbose write writing to C:\htdocs\angelshop\typo3conf\node_modules\grunt-banner\node_modules\chalk\node_modules\escape-string-regexp\package.json
391 info preinstall has-ansi@2.0.0
392 verbose write writing to C:\htdocs\angelshop\typo3conf\node_modules\grunt-banner\node_modules\chalk\node_modules\ansi-styles\package.json
393 info preinstall supports-color@2.0.0
394 verbose readDependencies loading dependencies from C:\htdocs\angelshop\typo3conf\node_modules\grunt-banner\node_modules\chalk\node_modules\has-ansi\package.json
395 verbose readDependencies loading dependencies from C:\htdocs\angelshop\typo3conf\node_modules\grunt-banner\node_modules\chalk\node_modules\supports-color\package.json
396 verbose write writing to C:\htdocs\angelshop\typo3conf\node_modules\grunt-banner\node_modules\chalk\node_modules\strip-ansi\package.json
397 silly prepareForInstallMany adding ansi-regex@^2.0.0 from has-ansi dependencies
398 verbose readDependencies loading dependencies from C:\htdocs\angelshop\typo3conf\node_modules\grunt-banner\node_modules\chalk\node_modules\has-ansi\package.json
399 verbose readDependencies loading dependencies from C:\htdocs\angelshop\typo3conf\node_modules\grunt-banner\node_modules\chalk\node_modules\supports-color\package.json
400 info preinstall strip-ansi@3.0.1
401 silly cache add args [ 'ansi-regex@^2.0.0', null ]
402 verbose cache add spec ansi-regex@^2.0.0
403 silly cache add parsed spec Result {
403 silly cache add   raw: 'ansi-regex@^2.0.0',
403 silly cache add   scope: null,
403 silly cache add   name: 'ansi-regex',
403 silly cache add   rawSpec: '^2.0.0',
403 silly cache add   spec: '>=2.0.0 <3.0.0',
403 silly cache add   type: 'range' }
404 silly addNamed ansi-regex@>=2.0.0 <3.0.0
405 verbose addNamed ">=2.0.0 <3.0.0" is a valid semver range for ansi-regex
406 silly addNameRange { name: 'ansi-regex', range: '>=2.0.0 <3.0.0', hasData: false }
407 silly mapToRegistry name ansi-regex
408 silly mapToRegistry using default registry
409 silly mapToRegistry registry https://registry.npmjs.org/
410 silly mapToRegistry uri https://registry.npmjs.org/ansi-regex
411 verbose addNameRange registry:https://registry.npmjs.org/ansi-regex not in flight; fetching
412 verbose readDependencies loading dependencies from C:\htdocs\angelshop\typo3conf\node_modules\grunt-banner\node_modules\chalk\node_modules\strip-ansi\package.json
413 silly install resolved []
414 verbose about to build C:\htdocs\angelshop\typo3conf\node_modules\grunt-banner\node_modules\chalk\node_modules\supports-color
415 info build C:\htdocs\angelshop\typo3conf\node_modules\grunt-banner\node_modules\chalk\node_modules\supports-color
416 verbose request uri https://registry.npmjs.org/ansi-regex
417 verbose request no auth needed
418 info attempt registry request try #1 at 23:17:03
419 verbose etag "BN63D3KK8WIQW515ZAUE2LOAL"
420 http request GET https://registry.npmjs.org/ansi-regex
421 silly prepareForInstallMany adding ansi-regex@^2.0.0 from strip-ansi dependencies
422 verbose readDependencies loading dependencies from C:\htdocs\angelshop\typo3conf\node_modules\grunt-banner\node_modules\chalk\node_modules\strip-ansi\package.json
423 info linkStuff supports-color@2.0.0
424 silly linkStuff supports-color@2.0.0 has C:\htdocs\angelshop\typo3conf\node_modules\grunt-banner\node_modules\chalk\node_modules as its parent node_modules
425 verbose linkBins supports-color@2.0.0
426 verbose linkMans supports-color@2.0.0
427 verbose rebuildBundles supports-color@2.0.0
428 silly cache add args [ 'ansi-regex@^2.0.0', null ]
429 verbose cache add spec ansi-regex@^2.0.0
430 silly cache add parsed spec Result {
430 silly cache add   raw: 'ansi-regex@^2.0.0',
430 silly cache add   scope: null,
430 silly cache add   name: 'ansi-regex',
430 silly cache add   rawSpec: '^2.0.0',
430 silly cache add   spec: '>=2.0.0 <3.0.0',
430 silly cache add   type: 'range' }
431 silly addNamed ansi-regex@>=2.0.0 <3.0.0
432 verbose addNamed ">=2.0.0 <3.0.0" is a valid semver range for ansi-regex
433 silly addNameRange { name: 'ansi-regex', range: '>=2.0.0 <3.0.0', hasData: false }
434 silly mapToRegistry name ansi-regex
435 silly mapToRegistry using default registry
436 silly mapToRegistry registry https://registry.npmjs.org/
437 silly mapToRegistry uri https://registry.npmjs.org/ansi-regex
438 verbose addNameRange registry:https://registry.npmjs.org/ansi-regex already in flight; waiting
439 info install supports-color@2.0.0
440 info postinstall supports-color@2.0.0
441 verbose unlock done using C:\Users\Cox\AppData\Roaming\npm-cache\_locks\supports-color-9501de0f1a578cfb.lock for C:\htdocs\angelshop\typo3conf\node_modules\grunt-banner\node_modules\chalk\node_modules\supports-color
442 http 304 https://registry.npmjs.org/ansi-regex
443 silly get cb [ 304,
443 silly get   { date: 'Mon, 25 Jul 2016 21:17:05 GMT',
443 silly get     via: '1.1 varnish',
443 silly get     'cache-control': 'max-age=300',
443 silly get     etag: '"BN63D3KK8WIQW515ZAUE2LOAL"',
443 silly get     age: '219',
443 silly get     connection: 'keep-alive',
443 silly get     'x-served-by': 'cache-fra1240-FRA',
443 silly get     'x-cache': 'HIT',
443 silly get     'x-cache-hits': '13',
443 silly get     'x-timer': 'S1469481425.031712,VS0,VE0',
443 silly get     vary: 'Accept-Encoding' } ]
444 verbose etag https://registry.npmjs.org/ansi-regex from cache
445 verbose get saving ansi-regex to C:\Users\Cox\AppData\Roaming\npm-cache\registry.npmjs.org\ansi-regex\.cache.json
446 info preinstall ansi-styles@2.2.1
447 info preinstall escape-string-regexp@1.0.5
448 verbose readDependencies loading dependencies from C:\htdocs\angelshop\typo3conf\node_modules\grunt-banner\node_modules\chalk\node_modules\ansi-styles\package.json
449 verbose readDependencies loading dependencies from C:\htdocs\angelshop\typo3conf\node_modules\grunt-banner\node_modules\chalk\node_modules\escape-string-regexp\package.json
450 verbose readDependencies loading dependencies from C:\htdocs\angelshop\typo3conf\node_modules\grunt-banner\node_modules\chalk\node_modules\ansi-styles\package.json
451 verbose readDependencies loading dependencies from C:\htdocs\angelshop\typo3conf\node_modules\grunt-banner\node_modules\chalk\node_modules\escape-string-regexp\package.json
452 silly install resolved []
453 verbose about to build C:\htdocs\angelshop\typo3conf\node_modules\grunt-banner\node_modules\chalk\node_modules\ansi-styles
454 info build C:\htdocs\angelshop\typo3conf\node_modules\grunt-banner\node_modules\chalk\node_modules\ansi-styles
455 silly addNameRange number 2 { name: 'ansi-regex', range: '>=2.0.0 <3.0.0', hasData: true }
456 silly addNameRange versions [ 'ansi-regex',
456 silly addNameRange   [ '0.1.0', '0.2.0', '0.2.1', '1.0.0', '1.1.0', '1.1.1', '2.0.0' ] ]
457 silly addNamed ansi-regex@2.0.0
458 verbose addNamed "2.0.0" is a plain semver version for ansi-regex
459 silly addNameRange number 2 { name: 'ansi-regex', range: '>=2.0.0 <3.0.0', hasData: true }
460 silly addNameRange versions [ 'ansi-regex',
460 silly addNameRange   [ '0.1.0', '0.2.0', '0.2.1', '1.0.0', '1.1.0', '1.1.1', '2.0.0' ] ]
461 silly addNamed ansi-regex@2.0.0
462 verbose addNamed "2.0.0" is a plain semver version for ansi-regex
463 silly install resolved []
464 verbose about to build C:\htdocs\angelshop\typo3conf\node_modules\grunt-banner\node_modules\chalk\node_modules\escape-string-regexp
465 info build C:\htdocs\angelshop\typo3conf\node_modules\grunt-banner\node_modules\chalk\node_modules\escape-string-regexp
466 info linkStuff ansi-styles@2.2.1
467 silly linkStuff ansi-styles@2.2.1 has C:\htdocs\angelshop\typo3conf\node_modules\grunt-banner\node_modules\chalk\node_modules as its parent node_modules
468 silly cache afterAdd ansi-regex@2.0.0
469 verbose afterAdd C:\Users\Cox\AppData\Roaming\npm-cache\ansi-regex\2.0.0\package\package.json not in flight; writing
470 info linkStuff escape-string-regexp@1.0.5
471 silly linkStuff escape-string-regexp@1.0.5 has C:\htdocs\angelshop\typo3conf\node_modules\grunt-banner\node_modules\chalk\node_modules as its parent node_modules
472 silly cache afterAdd ansi-regex@2.0.0
473 verbose afterAdd C:\Users\Cox\AppData\Roaming\npm-cache\ansi-regex\2.0.0\package\package.json already in flight; not writing
474 verbose linkBins ansi-styles@2.2.1
475 verbose linkMans ansi-styles@2.2.1
476 verbose rebuildBundles ansi-styles@2.2.1
477 verbose linkBins escape-string-regexp@1.0.5
478 verbose linkMans escape-string-regexp@1.0.5
479 verbose rebuildBundles escape-string-regexp@1.0.5
480 info install ansi-styles@2.2.1
481 info install escape-string-regexp@1.0.5
482 info postinstall ansi-styles@2.2.1
483 info postinstall escape-string-regexp@1.0.5
484 verbose afterAdd C:\Users\Cox\AppData\Roaming\npm-cache\ansi-regex\2.0.0\package\package.json written
485 silly install resolved [ { name: 'ansi-regex',
485 silly install resolved     version: '2.0.0',
485 silly install resolved     description: 'Regular expression for matching ANSI escape codes',
485 silly install resolved     license: 'MIT',
485 silly install resolved     repository:
485 silly install resolved      { type: 'git',
485 silly install resolved        url: 'git+https://github.com/sindresorhus/ansi-regex.git' },
485 silly install resolved     author:
485 silly install resolved      { name: 'Sindre Sorhus',
485 silly install resolved        email: 'sindresorhus@gmail.com',
485 silly install resolved        url: 'sindresorhus.com' },
485 silly install resolved     maintainers: [ [Object], [Object] ],
485 silly install resolved     engines: { node: '>=0.10.0' },
485 silly install resolved     scripts:
485 silly install resolved      { test: 'mocha test/test.js',
485 silly install resolved        'view-supported': 'node test/viewCodes.js' },
485 silly install resolved     files: [ 'index.js' ],
485 silly install resolved     keywords:
485 silly install resolved      [ 'ansi',
485 silly install resolved        'styles',
485 silly install resolved        'color',
485 silly install resolved        'colour',
485 silly install resolved        'colors',
485 silly install resolved        'terminal',
485 silly install resolved        'console',
485 silly install resolved        'cli',
485 silly install resolved        'string',
485 silly install resolved        'tty',
485 silly install resolved        'escape',
485 silly install resolved        'formatting',
485 silly install resolved        'rgb',
485 silly install resolved        '256',
485 silly install resolved        'shell',
485 silly install resolved        'xterm',
485 silly install resolved        'command-line',
485 silly install resolved        'text',
485 silly install resolved        'regex',
485 silly install resolved        'regexp',
485 silly install resolved        're',
485 silly install resolved        'match',
485 silly install resolved        'test',
485 silly install resolved        'find',
485 silly install resolved        'pattern' ],
485 silly install resolved     devDependencies: { mocha: '*' },
485 silly install resolved     gitHead: '57c3f2941a73079fa8b081e02a522e3d29913e2f',
485 silly install resolved     bugs: { url: 'https://github.com/sindresorhus/ansi-regex/issues' },
485 silly install resolved     homepage: 'https://github.com/sindresorhus/ansi-regex',
485 silly install resolved     _id: 'ansi-regex@2.0.0',
485 silly install resolved     _shasum: 'c5061b6e0ef8a81775e50f5d66151bf6bf371107',
485 silly install resolved     _from: 'ansi-regex@>=2.0.0 <3.0.0',
485 silly install resolved     _npmVersion: '2.11.2',
485 silly install resolved     _nodeVersion: '0.12.5',
485 silly install resolved     _npmUser: { name: 'sindresorhus', email: 'sindresorhus@gmail.com' },
485 silly install resolved     dist:
485 silly install resolved      { shasum: 'c5061b6e0ef8a81775e50f5d66151bf6bf371107',
485 silly install resolved        tarball: 'https://registry.npmjs.org/ansi-regex/-/ansi-regex-2.0.0.tgz' },
485 silly install resolved     directories: {},
485 silly install resolved     _resolved: 'https://registry.npmjs.org/ansi-regex/-/ansi-regex-2.0.0.tgz',
485 silly install resolved     readme: 'ERROR: No README data found!' } ]
486 info install ansi-regex@2.0.0 into C:\htdocs\angelshop\typo3conf\node_modules\grunt-banner\node_modules\chalk\node_modules\has-ansi
487 info installOne ansi-regex@2.0.0
488 verbose installOne of ansi-regex to C:\htdocs\angelshop\typo3conf\node_modules\grunt-banner\node_modules\chalk\node_modules\has-ansi not in flight; installing
489 silly install resolved [ { name: 'ansi-regex',
489 silly install resolved     version: '2.0.0',
489 silly install resolved     description: 'Regular expression for matching ANSI escape codes',
489 silly install resolved     license: 'MIT',
489 silly install resolved     repository:
489 silly install resolved      { type: 'git',
489 silly install resolved        url: 'git+https://github.com/sindresorhus/ansi-regex.git' },
489 silly install resolved     author:
489 silly install resolved      { name: 'Sindre Sorhus',
489 silly install resolved        email: 'sindresorhus@gmail.com',
489 silly install resolved        url: 'sindresorhus.com' },
489 silly install resolved     maintainers: [ [Object], [Object] ],
489 silly install resolved     engines: { node: '>=0.10.0' },
489 silly install resolved     scripts:
489 silly install resolved      { test: 'mocha test/test.js',
489 silly install resolved        'view-supported': 'node test/viewCodes.js' },
489 silly install resolved     files: [ 'index.js' ],
489 silly install resolved     keywords:
489 silly install resolved      [ 'ansi',
489 silly install resolved        'styles',
489 silly install resolved        'color',
489 silly install resolved        'colour',
489 silly install resolved        'colors',
489 silly install resolved        'terminal',
489 silly install resolved        'console',
489 silly install resolved        'cli',
489 silly install resolved        'string',
489 silly install resolved        'tty',
489 silly install resolved        'escape',
489 silly install resolved        'formatting',
489 silly install resolved        'rgb',
489 silly install resolved        '256',
489 silly install resolved        'shell',
489 silly install resolved        'xterm',
489 silly install resolved        'command-line',
489 silly install resolved        'text',
489 silly install resolved        'regex',
489 silly install resolved        'regexp',
489 silly install resolved        're',
489 silly install resolved        'match',
489 silly install resolved        'test',
489 silly install resolved        'find',
489 silly install resolved        'pattern' ],
489 silly install resolved     devDependencies: { mocha: '*' },
489 silly install resolved     gitHead: '57c3f2941a73079fa8b081e02a522e3d29913e2f',
489 silly install resolved     bugs: { url: 'https://github.com/sindresorhus/ansi-regex/issues' },
489 silly install resolved     homepage: 'https://github.com/sindresorhus/ansi-regex',
489 silly install resolved     _id: 'ansi-regex@2.0.0',
489 silly install resolved     _shasum: 'c5061b6e0ef8a81775e50f5d66151bf6bf371107',
489 silly install resolved     _from: 'ansi-regex@>=2.0.0 <3.0.0',
489 silly install resolved     _npmVersion: '2.11.2',
489 silly install resolved     _nodeVersion: '0.12.5',
489 silly install resolved     _npmUser: { name: 'sindresorhus', email: 'sindresorhus@gmail.com' },
489 silly install resolved     dist:
489 silly install resolved      { shasum: 'c5061b6e0ef8a81775e50f5d66151bf6bf371107',
489 silly install resolved        tarball: 'https://registry.npmjs.org/ansi-regex/-/ansi-regex-2.0.0.tgz' },
489 silly install resolved     directories: {},
489 silly install resolved     _resolved: 'https://registry.npmjs.org/ansi-regex/-/ansi-regex-2.0.0.tgz',
489 silly install resolved     readme: 'ERROR: No README data found!' } ]
490 info install ansi-regex@2.0.0 into C:\htdocs\angelshop\typo3conf\node_modules\grunt-banner\node_modules\chalk\node_modules\strip-ansi
491 info installOne ansi-regex@2.0.0
492 verbose installOne of ansi-regex to C:\htdocs\angelshop\typo3conf\node_modules\grunt-banner\node_modules\chalk\node_modules\strip-ansi not in flight; installing
493 verbose unlock done using C:\Users\Cox\AppData\Roaming\npm-cache\_locks\ansi-styles-5c6345dc4f0c2608.lock for C:\htdocs\angelshop\typo3conf\node_modules\grunt-banner\node_modules\chalk\node_modules\ansi-styles
494 verbose lock using C:\Users\Cox\AppData\Roaming\npm-cache\_locks\ansi-regex-24e8d04981474bb0.lock for C:\htdocs\angelshop\typo3conf\node_modules\grunt-banner\node_modules\chalk\node_modules\has-ansi\node_modules\ansi-regex
495 verbose lock using C:\Users\Cox\AppData\Roaming\npm-cache\_locks\ansi-regex-7ead5b60a6b79395.lock for C:\htdocs\angelshop\typo3conf\node_modules\grunt-banner\node_modules\chalk\node_modules\strip-ansi\node_modules\ansi-regex
496 verbose unlock done using C:\Users\Cox\AppData\Roaming\npm-cache\_locks\escape-string-regexp-4387a3f198344fe7.lock for C:\htdocs\angelshop\typo3conf\node_modules\grunt-banner\node_modules\chalk\node_modules\escape-string-regexp
497 silly install write writing ansi-regex 2.0.0 to C:\htdocs\angelshop\typo3conf\node_modules\grunt-banner\node_modules\chalk\node_modules\has-ansi\node_modules\ansi-regex
498 silly install write writing ansi-regex 2.0.0 to C:\htdocs\angelshop\typo3conf\node_modules\grunt-banner\node_modules\chalk\node_modules\strip-ansi\node_modules\ansi-regex
499 verbose unbuild node_modules\grunt-banner\node_modules\chalk\node_modules\has-ansi\node_modules\ansi-regex
500 verbose unbuild node_modules\grunt-banner\node_modules\chalk\node_modules\strip-ansi\node_modules\ansi-regex
501 silly gentlyRm C:\htdocs\angelshop\typo3conf\node_modules\grunt-banner\node_modules\chalk\node_modules\has-ansi\node_modules\ansi-regex is being purged from base C:\htdocs\angelshop\typo3conf
502 verbose gentlyRm don't care about contents; nuking C:\htdocs\angelshop\typo3conf\node_modules\grunt-banner\node_modules\chalk\node_modules\has-ansi\node_modules\ansi-regex
503 verbose tar unpack C:\Users\Cox\AppData\Roaming\npm-cache\ansi-regex\2.0.0\package.tgz
504 verbose tar unpacking to C:\htdocs\angelshop\typo3conf\node_modules\grunt-banner\node_modules\chalk\node_modules\has-ansi\node_modules\ansi-regex
505 silly gentlyRm C:\htdocs\angelshop\typo3conf\node_modules\grunt-banner\node_modules\chalk\node_modules\has-ansi\node_modules\ansi-regex is being purged
506 verbose gentlyRm don't care about contents; nuking C:\htdocs\angelshop\typo3conf\node_modules\grunt-banner\node_modules\chalk\node_modules\has-ansi\node_modules\ansi-regex
507 silly gentlyRm C:\htdocs\angelshop\typo3conf\node_modules\grunt-banner\node_modules\chalk\node_modules\strip-ansi\node_modules\ansi-regex is being purged from base C:\htdocs\angelshop\typo3conf
508 verbose gentlyRm don't care about contents; nuking C:\htdocs\angelshop\typo3conf\node_modules\grunt-banner\node_modules\chalk\node_modules\strip-ansi\node_modules\ansi-regex
509 silly gunzTarPerm modes [ '777', '666' ]
510 verbose tar unpack C:\Users\Cox\AppData\Roaming\npm-cache\ansi-regex\2.0.0\package.tgz
511 verbose tar unpacking to C:\htdocs\angelshop\typo3conf\node_modules\grunt-banner\node_modules\chalk\node_modules\strip-ansi\node_modules\ansi-regex
512 silly gentlyRm C:\htdocs\angelshop\typo3conf\node_modules\grunt-banner\node_modules\chalk\node_modules\strip-ansi\node_modules\ansi-regex is being purged
513 verbose gentlyRm don't care about contents; nuking C:\htdocs\angelshop\typo3conf\node_modules\grunt-banner\node_modules\chalk\node_modules\strip-ansi\node_modules\ansi-regex
514 silly gunzTarPerm modes [ '777', '666' ]
515 silly gunzTarPerm extractEntry package.json
516 silly gunzTarPerm modified mode [ 'package.json', 420, 438 ]
517 silly gunzTarPerm extractEntry package.json
518 silly gunzTarPerm modified mode [ 'package.json', 420, 438 ]
519 silly gunzTarPerm extractEntry index.js
520 silly gunzTarPerm modified mode [ 'index.js', 420, 438 ]
521 silly gunzTarPerm extractEntry license
522 silly gunzTarPerm modified mode [ 'license', 420, 438 ]
523 silly gunzTarPerm extractEntry index.js
524 silly gunzTarPerm modified mode [ 'index.js', 420, 438 ]
525 silly gunzTarPerm extractEntry license
526 silly gunzTarPerm modified mode [ 'license', 420, 438 ]
527 silly gunzTarPerm extractEntry readme.md
528 silly gunzTarPerm modified mode [ 'readme.md', 420, 438 ]
529 silly gunzTarPerm extractEntry readme.md
530 silly gunzTarPerm modified mode [ 'readme.md', 420, 438 ]
531 verbose write writing to C:\htdocs\angelshop\typo3conf\node_modules\grunt-banner\node_modules\chalk\node_modules\strip-ansi\node_modules\ansi-regex\package.json
532 verbose write writing to C:\htdocs\angelshop\typo3conf\node_modules\grunt-banner\node_modules\chalk\node_modules\has-ansi\node_modules\ansi-regex\package.json
533 info preinstall ansi-regex@2.0.0
534 info preinstall ansi-regex@2.0.0
535 verbose readDependencies loading dependencies from C:\htdocs\angelshop\typo3conf\node_modules\grunt-banner\node_modules\chalk\node_modules\has-ansi\node_modules\ansi-regex\package.json
536 verbose readDependencies loading dependencies from C:\htdocs\angelshop\typo3conf\node_modules\grunt-banner\node_modules\chalk\node_modules\strip-ansi\node_modules\ansi-regex\package.json
537 verbose readDependencies loading dependencies from C:\htdocs\angelshop\typo3conf\node_modules\grunt-banner\node_modules\chalk\node_modules\has-ansi\node_modules\ansi-regex\package.json
538 verbose readDependencies loading dependencies from C:\htdocs\angelshop\typo3conf\node_modules\grunt-banner\node_modules\chalk\node_modules\strip-ansi\node_modules\ansi-regex\package.json
539 silly install resolved []
540 verbose about to build C:\htdocs\angelshop\typo3conf\node_modules\grunt-banner\node_modules\chalk\node_modules\has-ansi\node_modules\ansi-regex
541 info build C:\htdocs\angelshop\typo3conf\node_modules\grunt-banner\node_modules\chalk\node_modules\has-ansi\node_modules\ansi-regex
542 silly install resolved []
543 verbose about to build C:\htdocs\angelshop\typo3conf\node_modules\grunt-banner\node_modules\chalk\node_modules\strip-ansi\node_modules\ansi-regex
544 info build C:\htdocs\angelshop\typo3conf\node_modules\grunt-banner\node_modules\chalk\node_modules\strip-ansi\node_modules\ansi-regex
545 info linkStuff ansi-regex@2.0.0
546 silly linkStuff ansi-regex@2.0.0 has C:\htdocs\angelshop\typo3conf\node_modules\grunt-banner\node_modules\chalk\node_modules\has-ansi\node_modules as its parent node_modules
547 info linkStuff ansi-regex@2.0.0
548 silly linkStuff ansi-regex@2.0.0 has C:\htdocs\angelshop\typo3conf\node_modules\grunt-banner\node_modules\chalk\node_modules\strip-ansi\node_modules as its parent node_modules
549 verbose linkBins ansi-regex@2.0.0
550 verbose linkMans ansi-regex@2.0.0
551 verbose rebuildBundles ansi-regex@2.0.0
552 info install ansi-regex@2.0.0
553 verbose linkBins ansi-regex@2.0.0
554 verbose linkMans ansi-regex@2.0.0
555 verbose rebuildBundles ansi-regex@2.0.0
556 info postinstall ansi-regex@2.0.0
557 info install ansi-regex@2.0.0
558 info postinstall ansi-regex@2.0.0
559 verbose unlock done using C:\Users\Cox\AppData\Roaming\npm-cache\_locks\ansi-regex-24e8d04981474bb0.lock for C:\htdocs\angelshop\typo3conf\node_modules\grunt-banner\node_modules\chalk\node_modules\has-ansi\node_modules\ansi-regex
560 verbose about to build C:\htdocs\angelshop\typo3conf\node_modules\grunt-banner\node_modules\chalk\node_modules\has-ansi
561 info build C:\htdocs\angelshop\typo3conf\node_modules\grunt-banner\node_modules\chalk\node_modules\has-ansi
562 verbose unlock done using C:\Users\Cox\AppData\Roaming\npm-cache\_locks\ansi-regex-7ead5b60a6b79395.lock for C:\htdocs\angelshop\typo3conf\node_modules\grunt-banner\node_modules\chalk\node_modules\strip-ansi\node_modules\ansi-regex
563 verbose about to build C:\htdocs\angelshop\typo3conf\node_modules\grunt-banner\node_modules\chalk\node_modules\strip-ansi
564 info build C:\htdocs\angelshop\typo3conf\node_modules\grunt-banner\node_modules\chalk\node_modules\strip-ansi
565 info linkStuff has-ansi@2.0.0
566 silly linkStuff has-ansi@2.0.0 has C:\htdocs\angelshop\typo3conf\node_modules\grunt-banner\node_modules\chalk\node_modules as its parent node_modules
567 info linkStuff strip-ansi@3.0.1
568 silly linkStuff strip-ansi@3.0.1 has C:\htdocs\angelshop\typo3conf\node_modules\grunt-banner\node_modules\chalk\node_modules as its parent node_modules
569 verbose linkBins has-ansi@2.0.0
570 verbose linkMans has-ansi@2.0.0
571 verbose rebuildBundles has-ansi@2.0.0
572 verbose rebuildBundles [ 'ansi-regex' ]
573 info install has-ansi@2.0.0
574 verbose linkBins strip-ansi@3.0.1
575 verbose linkMans strip-ansi@3.0.1
576 verbose rebuildBundles strip-ansi@3.0.1
577 verbose rebuildBundles [ 'ansi-regex' ]
578 info install strip-ansi@3.0.1
579 info postinstall has-ansi@2.0.0
580 info postinstall strip-ansi@3.0.1
581 verbose unlock done using C:\Users\Cox\AppData\Roaming\npm-cache\_locks\has-ansi-ddb13da235c05f1e.lock for C:\htdocs\angelshop\typo3conf\node_modules\grunt-banner\node_modules\chalk\node_modules\has-ansi
582 verbose unlock done using C:\Users\Cox\AppData\Roaming\npm-cache\_locks\strip-ansi-627f36316b5d88ed.lock for C:\htdocs\angelshop\typo3conf\node_modules\grunt-banner\node_modules\chalk\node_modules\strip-ansi
583 verbose about to build C:\htdocs\angelshop\typo3conf\node_modules\grunt-banner\node_modules\chalk
584 info build C:\htdocs\angelshop\typo3conf\node_modules\grunt-banner\node_modules\chalk
585 info linkStuff chalk@1.1.3
586 silly linkStuff chalk@1.1.3 has C:\htdocs\angelshop\typo3conf\node_modules\grunt-banner\node_modules as its parent node_modules
587 verbose linkBins chalk@1.1.3
588 verbose linkMans chalk@1.1.3
589 verbose rebuildBundles chalk@1.1.3
590 verbose rebuildBundles [ 'ansi-styles',
590 verbose rebuildBundles   'escape-string-regexp',
590 verbose rebuildBundles   'has-ansi',
590 verbose rebuildBundles   'strip-ansi',
590 verbose rebuildBundles   'supports-color' ]
591 info install chalk@1.1.3
592 info postinstall chalk@1.1.3
593 verbose unlock done using C:\Users\Cox\AppData\Roaming\npm-cache\_locks\chalk-317ae184c10d5f4a.lock for C:\htdocs\angelshop\typo3conf\node_modules\grunt-banner\node_modules\chalk
594 verbose about to build C:\htdocs\angelshop\typo3conf\node_modules\grunt-banner
595 info build C:\htdocs\angelshop\typo3conf\node_modules\grunt-banner
596 info linkStuff grunt-banner@0.6.0
597 silly linkStuff grunt-banner@0.6.0 has C:\htdocs\angelshop\typo3conf\node_modules as its parent node_modules
598 verbose linkBins grunt-banner@0.6.0
599 verbose linkMans grunt-banner@0.6.0
600 verbose rebuildBundles grunt-banner@0.6.0
601 verbose rebuildBundles [ 'chalk' ]
602 info install grunt-banner@0.6.0
603 info postinstall grunt-banner@0.6.0
604 verbose unlock done using C:\Users\Cox\AppData\Roaming\npm-cache\_locks\grunt-banner-e2cbe860a8a24b95.lock for C:\htdocs\angelshop\typo3conf\node_modules\grunt-banner
605 verbose validateInstall loading C:\htdocs\angelshop\typo3conf\package.json for validation
606 verbose stack Error: The package grunt@1.0.1 does not satisfy its siblings' peerDependencies requirements!
606 verbose stack     at c:\Program Files\nodejs\node_modules\npm\lib\install.js:125:32
606 verbose stack     at c:\Program Files\nodejs\node_modules\npm\lib\install.js:268:7
606 verbose stack     at c:\Program Files\nodejs\node_modules\npm\node_modules\read-installed\read-installed.js:142:5
606 verbose stack     at c:\Program Files\nodejs\node_modules\npm\node_modules\read-installed\read-installed.js:263:14
606 verbose stack     at cb (c:\Program Files\nodejs\node_modules\npm\node_modules\slide\lib\async-map.js:47:24)
606 verbose stack     at c:\Program Files\nodejs\node_modules\npm\node_modules\read-installed\read-installed.js:263:14
606 verbose stack     at cb (c:\Program Files\nodejs\node_modules\npm\node_modules\slide\lib\async-map.js:47:24)
606 verbose stack     at c:\Program Files\nodejs\node_modules\npm\node_modules\read-installed\read-installed.js:263:14
606 verbose stack     at cb (c:\Program Files\nodejs\node_modules\npm\node_modules\slide\lib\async-map.js:47:24)
606 verbose stack     at c:\Program Files\nodejs\node_modules\npm\node_modules\read-installed\read-installed.js:263:14
607 verbose cwd C:\htdocs\angelshop\typo3conf
608 error Windows_NT 10.0.10586
609 error argv "c:\\Program Files\\nodejs\\node.exe" "c:\\Program Files\\nodejs\\node_modules\\npm\\bin\\npm-cli.js" "install" "grunt-banner" "--save-dev"
610 error node v4.1.1
611 error npm  v2.14.4
612 error code EPEERINVALID
613 error peerinvalid The package grunt@1.0.1 does not satisfy its siblings' peerDependencies requirements!
613 error peerinvalid Peer grunt-banner@0.6.0 wants grunt@>=0.4.0
613 error peerinvalid Peer grunt-contrib-concat@0.5.1 wants grunt@>=0.4.0
613 error peerinvalid Peer grunt-contrib-watch@0.6.1 wants grunt@~0.4.0
613 error peerinvalid Peer grunt-contrib-jshint@0.11.3 wants grunt@>=0.4.0
613 error peerinvalid Peer grunt-contrib-nodeunit@0.4.1 wants grunt@~0.4.0
614 verbose exit [ 1, true ]
